Exceptions:
Exception Code :c0000005 ACCESS_VIOLATION
Exception Flag :0x0 NumberParameters :2 
Param 0 :0x0 
Param 1 :0x278 
Context :000000C3258C6E40 
ContextFlag : 0x10005f, EFlags: 0x10246 
Fault address:  0x5D18DB62 0x1:0xBECB62 C:\Program Files\OrcaSlicer\OrcaSlicer.dll

Show CallStack:
7ffa5d18db62:BRepExtrema_SelfIntersection::`default constructor closure' [Unknown file][-1]
7ffa5d2e99d7:BRepExtrema_SelfIntersection::`default constructor closure' [Unknown file][-1]
7ffa5d238fa0:BRepExtrema_SelfIntersection::`default constructor closure' [Unknown file][-1]
7ffa5d204a52:BRepExtrema_SelfIntersection::`default constructor closure' [Unknown file][-1]
7ffa5d4f83e2:BRepExtrema_SelfIntersection::`default constructor closure' [Unknown file][-1]
7ffa5e40460b:hid_write [Unknown file][-1]
7ffa5e40b489:hid_write [Unknown file][-1]
7ffa5d170952:BRepExtrema_SelfIntersection::`default constructor closure' [Unknown file][-1]
7ffa5e40460b:hid_write [Unknown file][-1]
7ffa5e40b489:hid_write [Unknown file][-1]
7ffa5d16f9bb:BRepExtrema_SelfIntersection::`default constructor closure' [Unknown file][-1]
7ffa5e40460b:hid_write [Unknown file][-1]
7ffa5e40b489:hid_write [Unknown file][-1]
7ffa5d4dbef4:BRepExtrema_SelfIntersection::`default constructor closure' [Unknown file][-1]
7ffa5e40460b:hid_write [Unknown file][-1]
7ffa5e40b489:hid_write [Unknown file][-1]
7ffa5d4dbea4:BRepExtrema_SelfIntersection::`default constructor closure' [Unknown file][-1]
7ffa5e466e1b:hid_write [Unknown file][-1]
7ffa5e468919:hid_write [Unknown file][-1]
7ffa5e61e798:hid_write [Unknown file][-1]
7ffa5e61374f:hid_write [Unknown file][-1]
7ffa5e613ef3:hid_write [Unknown file][-1]
7ffa5e61367b:hid_write [Unknown file][-1]
7ffa5e613aaa:hid_write [Unknown file][-1]
7ffa5e413824:hid_write [Unknown file][-1]
7ffa5e416e98:hid_write [Unknown file][-1]
7ffa5e43b953:hid_write [Unknown file][-1]
7ffa5e43edaa:hid_write [Unknown file][-1]
7ffa5e450ce9:hid_write [Unknown file][-1]
7ffa5d4de63c:BRepExtrema_SelfIntersection::`default constructor closure' [Unknown file][-1]
7ffa5e419ccf:hid_write [Unknown file][-1]
7ffab6a0b643:CallWindowProcW [Unknown file][-1]
7ffab6a0ad1c:SendMessageW [Unknown file][-1]
7ffab6a47323:GetWindowDpiAwarenessContext [Unknown file][-1]
7ffab6fc3814:KiUserCallbackDispatcher [Unknown file][-1]
7ffab46f1334:NtUserMessageCall [Unknown file][-1]
7ffab6a0beab:CallWindowProcW [Unknown file][-1]
7ffab6a0baae:CallWindowProcW [Unknown file][-1]
7ffa90f85068:DefSubclassProc [Unknown file][-1]
7ffa90f84d70:DefSubclassProc [Unknown file][-1]
7ffab6a0b643:CallWindowProcW [Unknown file][-1]
7ffab6a0ad1c:SendMessageW [Unknown file][-1]
7ffab6a47323:GetWindowDpiAwarenessContext [Unknown file][-1]
7ffab6fc3814:KiUserCallbackDispatcher [Unknown file][-1]
7ffab46f12b4:NtUserPeekMessage [Unknown file][-1]
7ffab6a1436f:PeekMessageW [Unknown file][-1]
7ffab6a142f8:PeekMessageW [Unknown file][-1]
7ffa5e65859b:hid_write [Unknown file][-1]
7ffa5e65850f:hid_write [Unknown file][-1]
7ffa5e4b4317:hid_write [Unknown file][-1]
7ffa5e657f73:hid_write [Unknown file][-1]
7ffa5e6581ba:hid_write [Unknown file][-1]
7ffa5e443be2:hid_write [Unknown file][-1]
7ffa5d177d38:BRepExtrema_SelfIntersection::`default constructor closure' [Unknown file][-1]
7ffa5d18ea97:BRepExtrema_SelfIntersection::`default constructor closure' [Unknown file][-1]
7ffa5d4d84d5:BRepExtrema_SelfIntersection::`default constructor closure' [Unknown file][-1]
7ffa5e61e7a6:hid_write [Unknown file][-1]
7ffa5e61374f:hid_write [Unknown file][-1]
7ffa5e613b3b:hid_write [Unknown file][-1]
7ffa5e613def:hid_write [Unknown file][-1]
7ffa5e61367b:hid_write [Unknown file][-1]
7ffa5d2811c9:BRepExtrema_SelfIntersection::`default constructor closure' [Unknown file][-1]
7ffa5e61e7a6:hid_write [Unknown file][-1]
7ffa5e61374f:hid_write [Unknown file][-1]
7ffa5e613b3b:hid_write [Unknown file][-1]
7ffa5e613def:hid_write [Unknown file][-1]
7ffa5e61367b:hid_write [Unknown file][-1]
7ffa5e613aaa:hid_write [Unknown file][-1]
7ffa5e413790:hid_write [Unknown file][-1]
7ffa5e416e98:hid_write [Unknown file][-1]
7ffa5e43b953:hid_write [Unknown file][-1]
7ffa5e419ccf:hid_write [Unknown file][-1]
7ffab6a0b643:CallWindowProcW [Unknown file][-1]
7ffab6a0ad1c:SendMessageW [Unknown file][-1]
7ffab6a47323:GetWindowDpiAwarenessContext [Unknown file][-1]
7ffab6fc3814:KiUserCallbackDispatcher [Unknown file][-1]
7ffab46f1334:NtUserMessageCall [Unknown file][-1]
7ffab6a0beab:CallWindowProcW [Unknown file][-1]
7ffab6a0baae:CallWindowProcW [Unknown file][-1]
7ffa90f85068:DefSubclassProc [Unknown file][-1]
7ffa90f84d70:DefSubclassProc [Unknown file][-1]
7ffab6a0b643:CallWindowProcW [Unknown file][-1]
7ffab6a0ad1c:SendMessageW [Unknown file][-1]
7ffab6a47323:GetWindowDpiAwarenessContext [Unknown file][-1]
7ffab6fc3814:KiUserCallbackDispatcher [Unknown file][-1]
7ffab46f12b4:NtUserPeekMessage [Unknown file][-1]
7ffab6a1436f:PeekMessageW [Unknown file][-1]
7ffab6a142f8:PeekMessageW [Unknown file][-1]
7ffa5e65859b:hid_write [Unknown file][-1]
7ffa5e65850f:hid_write [Unknown file][-1]
7ffa5e4b4317:hid_write [Unknown file][-1]
7ffa5e657f73:hid_write [Unknown file][-1]
7ffa5e6581ba:hid_write [Unknown file][-1]
7ffa5e61f521:hid_write [Unknown file][-1]
7ffa5e621e57:hid_write [Unknown file][-1]
7ffa5e67f4e8:hid_write [Unknown file][-1]
7ffa5d277bd8:BRepExtrema_SelfIntersection::`default constructor closure' [Unknown file][-1]
7ffa5c8fab12:Unknown [Unknown file][-1]
7ffa5c968e62:orcaslicer_main [Unknown file][-1]
7ff6ed2b59d5:Unknown [Unknown file][-1]
7ff6ed2b5e96:Unknown [Unknown file][-1]
7ffab6cde8d7:BaseThreadInitThunk [Unknown file][-1]
7ffab6f1bf6c:RtlUserThreadStart [Unknown file][-1]

Logical Address:
0x5D18DB62 0x1:0xBECB62 C:\Program Files\OrcaSlicer\OrcaSlicer.dll
0x5D2E99D7 0x1:0xD489D7 C:\Program Files\OrcaSlicer\OrcaSlicer.dll
0x5D238FA0 0x1:0xC97FA0 C:\Program Files\OrcaSlicer\OrcaSlicer.dll
0x5D204A52 0x1:0xC63A52 C:\Program Files\OrcaSlicer\OrcaSlicer.dll
0x5D4F83E2 0x1:0xF573E2 C:\Program Files\OrcaSlicer\OrcaSlicer.dll
0x5E40460B 0x1:0x1E6360B C:\Program Files\OrcaSlicer\OrcaSlicer.dll
0x5E40B489 0x1:0x1E6A489 C:\Program Files\OrcaSlicer\OrcaSlicer.dll
0x5D170952 0x1:0xBCF952 C:\Program Files\OrcaSlicer\OrcaSlicer.dll
0x5E40460B 0x1:0x1E6360B C:\Program Files\OrcaSlicer\OrcaSlicer.dll
0x5E40B489 0x1:0x1E6A489 C:\Program Files\OrcaSlicer\OrcaSlicer.dll
0x5D16F9BB 0x1:0xBCE9BB C:\Program Files\OrcaSlicer\OrcaSlicer.dll
0x5E40460B 0x1:0x1E6360B C:\Program Files\OrcaSlicer\OrcaSlicer.dll
0x5E40B489 0x1:0x1E6A489 C:\Program Files\OrcaSlicer\OrcaSlicer.dll
0x5D4DBEF4 0x1:0xF3AEF4 C:\Program Files\OrcaSlicer\OrcaSlicer.dll
0x5E40460B 0x1:0x1E6360B C:\Program Files\OrcaSlicer\OrcaSlicer.dll
0x5E40B489 0x1:0x1E6A489 C:\Program Files\OrcaSlicer\OrcaSlicer.dll
0x5D4DBEA4 0x1:0xF3AEA4 C:\Program Files\OrcaSlicer\OrcaSlicer.dll
0x5E466E1B 0x1:0x1EC5E1B C:\Program Files\OrcaSlicer\OrcaSlicer.dll
0x5E468919 0x1:0x1EC7919 C:\Program Files\OrcaSlicer\OrcaSlicer.dll
0x5E61E798 0x1:0x207D798 C:\Program Files\OrcaSlicer\OrcaSlicer.dll
0x5E61374F 0x1:0x207274F C:\Program Files\OrcaSlicer\OrcaSlicer.dll
0x5E613EF3 0x1:0x2072EF3 C:\Program Files\OrcaSlicer\OrcaSlicer.dll
0x5E61367B 0x1:0x207267B C:\Program Files\OrcaSlicer\OrcaSlicer.dll
0x5E613AAA 0x1:0x2072AAA C:\Program Files\OrcaSlicer\OrcaSlicer.dll
0x5E413824 0x1:0x1E72824 C:\Program Files\OrcaSlicer\OrcaSlicer.dll
0x5E416E98 0x1:0x1E75E98 C:\Program Files\OrcaSlicer\OrcaSlicer.dll
0x5E43B953 0x1:0x1E9A953 C:\Program Files\OrcaSlicer\OrcaSlicer.dll
0x5E43EDAA 0x1:0x1E9DDAA C:\Program Files\OrcaSlicer\OrcaSlicer.dll
0x5E450CE9 0x1:0x1EAFCE9 C:\Program Files\OrcaSlicer\OrcaSlicer.dll
0x5D4DE63C 0x1:0xF3D63C C:\Program Files\OrcaSlicer\OrcaSlicer.dll
0x5E419CCF 0x1:0x1E78CCF C:\Program Files\OrcaSlicer\OrcaSlicer.dll
0xB6A0B643 0x1:0xA643 C:\WINDOWS\System32\USER32.dll
0xB6A0AD1C 0x1:0x9D1C C:\WINDOWS\System32\USER32.dll
0xB6A47323 0x1:0x46323 C:\WINDOWS\System32\USER32.dll
0xB6FC3814 0x1:0x162814 C:\WINDOWS\SYSTEM32\ntdll.dll
0xB46F1334 0x1:0x334 C:\WINDOWS\System32\win32u.dll
0xB6A0BEAB 0x1:0xAEAB C:\WINDOWS\System32\USER32.dll
0xB6A0BAAE 0x1:0xAAAE C:\WINDOWS\System32\USER32.dll
0x90F85068 0x1:0x24068 C:\WINDOWS\WinSxS\amd64_microsoft.windows.common-controls_6595b64144ccf1df_6.0.26100.3323_none_3e088096e3344490\COMCTL32.dll
0x90F84D70 0x1:0x23D70 C:\WINDOWS\WinSxS\amd64_microsoft.windows.common-controls_6595b64144ccf1df_6.0.26100.3323_none_3e088096e3344490\COMCTL32.dll
0xB6A0B643 0x1:0xA643 C:\WINDOWS\System32\USER32.dll
0xB6A0AD1C 0x1:0x9D1C C:\WINDOWS\System32\USER32.dll
0xB6A47323 0x1:0x46323 C:\WINDOWS\System32\USER32.dll
0xB6FC3814 0x1:0x162814 C:\WINDOWS\SYSTEM32\ntdll.dll
0xB46F12B4 0x1:0x2B4 C:\WINDOWS\System32\win32u.dll
0xB6A1436F 0x1:0x1336F C:\WINDOWS\System32\USER32.dll
0xB6A142F8 0x1:0x132F8 C:\WINDOWS\System32\USER32.dll
0x5E65859B 0x1:0x20B759B C:\Program Files\OrcaSlicer\OrcaSlicer.dll
0x5E65850F 0x1:0x20B750F C:\Program Files\OrcaSlicer\OrcaSlicer.dll
0x5E4B4317 0x1:0x1F13317 C:\Program Files\OrcaSlicer\OrcaSlicer.dll
0x5E657F73 0x1:0x20B6F73 C:\Program Files\OrcaSlicer\OrcaSlicer.dll
0x5E6581BA 0x1:0x20B71BA C:\Program Files\OrcaSlicer\OrcaSlicer.dll
0x5E443BE2 0x1:0x1EA2BE2 C:\Program Files\OrcaSlicer\OrcaSlicer.dll
0x5D177D38 0x1:0xBD6D38 C:\Program Files\OrcaSlicer\OrcaSlicer.dll
0x5D18EA97 0x1:0xBEDA97 C:\Program Files\OrcaSlicer\OrcaSlicer.dll
0x5D4D84D5 0x1:0xF374D5 C:\Program Files\OrcaSlicer\OrcaSlicer.dll
0x5E61E7A6 0x1:0x207D7A6 C:\Program Files\OrcaSlicer\OrcaSlicer.dll
0x5E61374F 0x1:0x207274F C:\Program Files\OrcaSlicer\OrcaSlicer.dll
0x5E613B3B 0x1:0x2072B3B C:\Program Files\OrcaSlicer\OrcaSlicer.dll
0x5E613DEF 0x1:0x2072DEF C:\Program Files\OrcaSlicer\OrcaSlicer.dll
0x5E61367B 0x1:0x207267B C:\Program Files\OrcaSlicer\OrcaSlicer.dll
0x5D2811C9 0x1:0xCE01C9 C:\Program Files\OrcaSlicer\OrcaSlicer.dll
0x5E61E7A6 0x1:0x207D7A6 C:\Program Files\OrcaSlicer\OrcaSlicer.dll
0x5E61374F 0x1:0x207274F C:\Program Files\OrcaSlicer\OrcaSlicer.dll
0x5E613B3B 0x1:0x2072B3B C:\Program Files\OrcaSlicer\OrcaSlicer.dll
0x5E613DEF 0x1:0x2072DEF C:\Program Files\OrcaSlicer\OrcaSlicer.dll
0x5E61367B 0x1:0x207267B C:\Program Files\OrcaSlicer\OrcaSlicer.dll
0x5E613AAA 0x1:0x2072AAA C:\Program Files\OrcaSlicer\OrcaSlicer.dll
0x5E413790 0x1:0x1E72790 C:\Program Files\OrcaSlicer\OrcaSlicer.dll
0x5E416E98 0x1:0x1E75E98 C:\Program Files\OrcaSlicer\OrcaSlicer.dll
0x5E43B953 0x1:0x1E9A953 C:\Program Files\OrcaSlicer\OrcaSlicer.dll
0x5E419CCF 0x1:0x1E78CCF C:\Program Files\OrcaSlicer\OrcaSlicer.dll
0xB6A0B643 0x1:0xA643 C:\WINDOWS\System32\USER32.dll
0xB6A0AD1C 0x1:0x9D1C C:\WINDOWS\System32\USER32.dll
0xB6A47323 0x1:0x46323 C:\WINDOWS\System32\USER32.dll
0xB6FC3814 0x1:0x162814 C:\WINDOWS\SYSTEM32\ntdll.dll
0xB46F1334 0x1:0x334 C:\WINDOWS\System32\win32u.dll
0xB6A0BEAB 0x1:0xAEAB C:\WINDOWS\System32\USER32.dll
0xB6A0BAAE 0x1:0xAAAE C:\WINDOWS\System32\USER32.dll
0x90F85068 0x1:0x24068 C:\WINDOWS\WinSxS\amd64_microsoft.windows.common-controls_6595b64144ccf1df_6.0.26100.3323_none_3e088096e3344490\COMCTL32.dll
0x90F84D70 0x1:0x23D70 C:\WINDOWS\WinSxS\amd64_microsoft.windows.common-controls_6595b64144ccf1df_6.0.26100.3323_none_3e088096e3344490\COMCTL32.dll
0xB6A0B643 0x1:0xA643 C:\WINDOWS\System32\USER32.dll
0xB6A0AD1C 0x1:0x9D1C C:\WINDOWS\System32\USER32.dll
0xB6A47323 0x1:0x46323 C:\WINDOWS\System32\USER32.dll
0xB6FC3814 0x1:0x162814 C:\WINDOWS\SYSTEM32\ntdll.dll
0xB46F12B4 0x1:0x2B4 C:\WINDOWS\System32\win32u.dll
0xB6A1436F 0x1:0x1336F C:\WINDOWS\System32\USER32.dll
0xB6A142F8 0x1:0x132F8 C:\WINDOWS\System32\USER32.dll
0x5E65859B 0x1:0x20B759B C:\Program Files\OrcaSlicer\OrcaSlicer.dll
0x5E65850F 0x1:0x20B750F C:\Program Files\OrcaSlicer\OrcaSlicer.dll
0x5E4B4317 0x1:0x1F13317 C:\Program Files\OrcaSlicer\OrcaSlicer.dll
0x5E657F73 0x1:0x20B6F73 C:\Program Files\OrcaSlicer\OrcaSlicer.dll
0x5E6581BA 0x1:0x20B71BA C:\Program Files\OrcaSlicer\OrcaSlicer.dll
0x5E61F521 0x1:0x207E521 C:\Program Files\OrcaSlicer\OrcaSlicer.dll
0x5E621E57 0x1:0x2080E57 C:\Program Files\OrcaSlicer\OrcaSlicer.dll
0x5E67F4E8 0x1:0x20DE4E8 C:\Program Files\OrcaSlicer\OrcaSlicer.dll
0x5D277BD8 0x1:0xCD6BD8 C:\Program Files\OrcaSlicer\OrcaSlicer.dll
0x5C8FAB12 0x1:0x359B12 C:\Program Files\OrcaSlicer\OrcaSlicer.dll
0x5C968E62 0x1:0x3C7E62 C:\Program Files\OrcaSlicer\OrcaSlicer.dll
0xED2B59D5 0x1:0x49D5 C:\Program Files\OrcaSlicer\orca-slicer.exe
0xED2B5E96 0x1:0x4E96 C:\Program Files\OrcaSlicer\orca-slicer.exe
0xB6CDE8D7 0x1:0x2D8D7 C:\WINDOWS\System32\KERNEL32.DLL
0xB6F1BF6C 0x1:0xBAF6C C:\WINDOWS\SYSTEM32\ntdll.dll
